[0mGET / [32m200 [0m23.896 ms - 15989[0m
[0mGET /wr/api/v1/admin/isLoggedIn [32m200 [0m2.276 ms - 18[0m
[0mGET /wr/api/v1/admin/isAdminExist [32m200 [0m31.821 ms - 19[0m
[0mPOST /wr/api/v1/events/initCategories [32m200 [0m23.830 ms - 23[0m
[0mGET / [36m304 [0m2.179 ms - -[0m
[0mGET /wr/api/v1/admin/isLoggedIn [36m304 [0m0.512 ms - -[0m
[0mGET /wr/api/v1/admin/isAdminExist [36m304 [0m3.331 ms - -[0m
[0mPOST /wr/api/v1/events/initCategories [32m200 [0m3.388 ms - 23[0m
[0mPOST /auth/newAdmin [36m303 [0m47.953 ms - -[0m
[0mGET / [36m304 [0m4.351 ms - -[0m
[0mGET /wr/api/v1/overView/overViewVisits [32m200 [0m3.498 ms - 33[0m
[0mGET /wr/api/v1/overView/overViewStatusCount [32m200 [0m8.911 ms - 157[0m
[0mGET /wr/api/v1/overView/overViewVisits [36m304 [0m2.454 ms - -[0m
[0mGET /wr/api/v1/overView/overViewStatusCount [36m304 [0m13.374 ms - -[0m
[0mGET /wr/api/v1/overView/overViewVisits [36m304 [0m1.534 ms - -[0m
[0mGET /wr/api/v1/overView/overViewStatusCount [36m304 [0m7.921 ms - -[0m
[0mPOST /app/api/v1/serverCheck [32m200 [0m15.301 ms - 17[0m
[0mGET /app/api/v1/menus/noticeList [32m200 [0m2.320 ms - 37[0m
[0mGET /app/api/v1/wrEvents/wrEventsList [32m200 [0m1.374 ms - 31[0m
[0mGET /app/api/v1/ads/mainViewAdsList [32m200 [0m1.836 ms - 35[0m
[0mPOST /app/api/v1/push/deviceToken [32m200 [0m18.659 ms - 45[0m
[0mGET /dashboard/overview [32m200 [0m4.504 ms - 15989[0m
[0mGET /wr/api/v1/overView/overViewVisits [32m200 [0m2.131 ms - 272[0m
[0mGET /wr/api/v1/overView/overViewStatusCount [36m304 [0m3.847 ms - -[0m
[0mGET /wr/api/v1/overView/overViewVisits [36m304 [0m3.873 ms - -[0m
[0mGET /wr/api/v1/overView/overViewStatusCount [36m304 [0m4.702 ms - -[0m
[0mGET /wr/api/v1/overView/overViewStatusCount [36m304 [0m4.625 ms - -[0m
[0mGET /wr/api/v1/overView/overViewVisits [36m304 [0m5.026 ms - -[0m
[0mPOST /app/api/v1/details/visits [32m200 [0m11.940 ms - 14[0m
[0mPOST /app/api/v1/serverCheck [32m200 [0m2.161 ms - 17[0m
[0mGET /app/api/v1/menus/noticeList [32m200 [0m1.135 ms - 37[0m
[0mGET /app/api/v1/wrEvents/wrEventsList [32m200 [0m1.235 ms - 31[0m
[0mGET /app/api/v1/ads/mainViewAdsList [32m200 [0m4.647 ms - 35[0m
[0mPOST /app/api/v1/push/deviceToken [32m200 [0m2.170 ms - 45[0m
[0mPOST /app/api/v1/list/listViewEventsData [32m200 [0m3.516 ms - 38[0m
[0mGET /app/api/v1/ads/listViewAdsList [32m200 [0m1.761 ms - 35[0m
[0mGET /app/api/v1/menus/noticeList [36m304 [0m2.818 ms - -[0m
[0mGET /app/api/v1/wrEvents/wrEventsList [36m304 [0m2.300 ms - -[0m
[0mGET /app/api/v1/ads/mainViewAdsList [36m304 [0m2.418 ms - -[0m
[0mPOST /app/api/v1/map/mapViewEventsData [32m200 [0m1.828 ms - 38[0m
[0mPOST /app/api/v1/serverCheck [32m200 [0m1.685 ms - 17[0m
[0mGET /app/api/v1/menus/noticeList [36m304 [0m2.202 ms - -[0m
[0mGET /app/api/v1/wrEvents/wrEventsList [36m304 [0m2.363 ms - -[0m
[0mGET /app/api/v1/ads/mainViewAdsList [36m304 [0m4.635 ms - -[0m
[0mPOST /app/api/v1/push/deviceToken [32m200 [0m1.377 ms - 44[0m
[0mPOST /app/api/v1/calendar/calendarViewEventsData [32m200 [0m1.521 ms - 38[0m
[0mGET /app/api/v1/ads/mainViewAdsList [36m304 [0m3.204 ms - -[0m
[0mGET /app/api/v1/menus/noticeList [36m304 [0m3.271 ms - -[0m
[0mGET /app/api/v1/wrEvents/wrEventsList [36m304 [0m2.043 ms - -[0m
[0mPOST /app/api/v1/serverCheck [32m200 [0m1.882 ms - 17[0m
[0mGET /app/api/v1/menus/noticeList [36m304 [0m1.096 ms - -[0m
[0mGET /app/api/v1/wrEvents/wrEventsList [36m304 [0m0.732 ms - -[0m
[0mGET /app/api/v1/ads/mainViewAdsList [36m304 [0m0.961 ms - -[0m
[0mPOST /app/api/v1/push/deviceToken [32m200 [0m1.201 ms - 44[0m
[0mPOST /app/api/v1/map/mapViewEventsData [32m200 [0m1.204 ms - 38[0m
[0mGET /app/api/v1/wrEvents/wrEventsList [36m304 [0m0.939 ms - -[0m
[0mGET /app/api/v1/menus/noticeList [36m304 [0m4.139 ms - -[0m
[0mGET /app/api/v1/ads/mainViewAdsList [36m304 [0m3.524 ms - -[0m
[0mPOST /app/api/v1/serverCheck [32m200 [0m2.372 ms - 17[0m
[0mGET /app/api/v1/menus/noticeList [36m304 [0m1.040 ms - -[0m
[0mGET /app/api/v1/wrEvents/wrEventsList [36m304 [0m0.770 ms - -[0m
[0mGET /app/api/v1/ads/mainViewAdsList [36m304 [0m1.797 ms - -[0m
[0mPOST /app/api/v1/push/deviceToken [32m200 [0m1.223 ms - 44[0m
[0mPOST /app/api/v1/list/listViewEventsData [32m200 [0m1.639 ms - 38[0m
[0mGET /app/api/v1/ads/listViewAdsList [36m304 [0m1.526 ms - -[0m
[0mPOST /app/api/v1/calendar/calendarViewEventsData [32m200 [0m1.842 ms - 38[0m
[0mGET /app/api/v1/ads/listViewAdsList [36m304 [0m1.310 ms - -[0m
[0mGET /app/api/v1/menus/noticeList [36m304 [0m1.480 ms - -[0m
[0mGET /app/api/v1/ads/allAdsList [32m200 [0m1.819 ms - 35[0m
[0mGET /app/api/v1/wrEvents/wrEventsList [36m304 [0m3.765 ms - -[0m
[0mGET /wr/api/v1/events/eventStatusCount [32m200 [0m3.829 ms - 111[0m
[0mGET /wr/api/v1/overView/overViewStatusCount [36m304 [0m18.117 ms - -[0m
[0mGET /wr/api/v1/overView/overViewVisits [32m200 [0m18.065 ms - 936[0m
[0mGET /wr/api/v1/overView/overViewStatusCount [36m304 [0m8.919 ms - -[0m
[0mGET /wr/api/v1/overView/overViewVisits [36m304 [0m8.345 ms - -[0m
[0mGET /wr/api/v1/overView/overViewStatusCount [36m304 [0m2.276 ms - -[0m
[0mGET /wr/api/v1/overView/overViewVisits [36m304 [0m1.825 ms - -[0m
[0mOPTIONS /app/api/v1/serverCheck [32m204 [0m0.424 ms - -[0m
[0mGET /app/api/v1/menus/noticeList [36m304 [0m1.705 ms - -[0m
[0mGET /app/api/v1/wrEvents/wrEventsList [36m304 [0m0.809 ms - -[0m
[0mGET /app/api/v1/ads/mainViewAdsList [36m304 [0m1.063 ms - -[0m
[0mPOST /app/api/v1/serverCheck [32m200 [0m4.821 ms - 17[0m
[0mOPTIONS /app/api/v1/push/deviceToken [32m204 [0m0.369 ms - -[0m
[0mPOST /app/api/v1/push/deviceToken [32m200 [0m1.185 ms - 44[0m
[0mOPTIONS /app/api/v1/serverCheck [32m204 [0m0.079 ms - -[0m
[0mGET /app/api/v1/menus/noticeList [36m304 [0m1.053 ms - -[0m
[0mGET /app/api/v1/wrEvents/wrEventsList [36m304 [0m0.726 ms - -[0m
[0mGET /app/api/v1/ads/mainViewAdsList [36m304 [0m2.183 ms - -[0m
[0mPOST /app/api/v1/serverCheck [32m200 [0m1.723 ms - 17[0m
[0mOPTIONS /app/api/v1/push/deviceToken [32m204 [0m0.068 ms - -[0m
[0mPOST /app/api/v1/push/deviceToken [32m200 [0m3.686 ms - 44[0m
[0mGET /app/api/v1/ads/allAdsList [36m304 [0m0.986 ms - -[0m
[0mGET /app/api/v1/wrEvents/wrEventsList [36m304 [0m0.757 ms - -[0m
[0mGET /app/api/v1/ads/listViewAdsList [36m304 [0m2.362 ms - -[0m
[0mGET /app/api/v1/menus/noticeList [36m304 [0m1.237 ms - -[0m
[0mGET /app/api/v1/wrEvents/wrEventsList [36m304 [0m0.683 ms - -[0m
[0mGET /app/api/v1/ads/mainViewAdsList [36m304 [0m0.969 ms - -[0m
[0mGET /app/api/v1/ads/listViewAdsList [36m304 [0m1.329 ms - -[0m
[0mOPTIONS /app/api/v1/serverCheck [32m204 [0m0.074 ms - -[0m
[0mGET /app/api/v1/menus/noticeList [36m304 [0m1.768 ms - -[0m
[0mGET /app/api/v1/wrEvents/wrEventsList [36m304 [0m1.952 ms - -[0m
[0mGET /app/api/v1/ads/mainViewAdsList [36m304 [0m1.052 ms - -[0m
[0mPOST /app/api/v1/serverCheck [32m200 [0m1.726 ms - 17[0m
[0mOPTIONS /app/api/v1/push/deviceToken [32m204 [0m0.086 ms - -[0m
[0mPOST /app/api/v1/push/deviceToken [32m200 [0m1.067 ms - 44[0m
[0mOPTIONS /app/api/v1/serverCheck [32m204 [0m0.088 ms - -[0m
[0mGET /app/api/v1/menus/noticeList [36m304 [0m1.581 ms - -[0m
[0mGET /app/api/v1/ads/mainViewAdsList [36m304 [0m1.652 ms - -[0m
[0mGET /app/api/v1/wrEvents/wrEventsList [36m304 [0m1.181 ms - -[0m
[0mPOST /app/api/v1/serverCheck [32m200 [0m1.667 ms - 17[0m
[0mOPTIONS /app/api/v1/push/deviceToken [32m204 [0m0.069 ms - -[0m
[0mPOST /app/api/v1/push/deviceToken [32m200 [0m1.073 ms - 44[0m
[0mGET /app/api/v1/menus/noticeList [36m304 [0m1.007 ms - -[0m
[0mOPTIONS /app/api/v1/serverCheck [32m204 [0m0.095 ms - -[0m
[0mGET /app/api/v1/menus/noticeList [36m304 [0m4.398 ms - -[0m
[0mGET /app/api/v1/wrEvents/wrEventsList [36m304 [0m3.000 ms - -[0m
[0mGET /app/api/v1/ads/mainViewAdsList [36m304 [0m3.477 ms - -[0m
[0mPOST /app/api/v1/serverCheck [32m200 [0m1.376 ms - 17[0m
[0mOPTIONS /app/api/v1/push/deviceToken [32m204 [0m0.070 ms - -[0m
[0mPOST /app/api/v1/push/deviceToken [32m200 [0m3.142 ms - 44[0m
[0mGET /app/api/v1/menus/noticeList [36m304 [0m0.989 ms - -[0m
[0mOPTIONS /app/api/v1/serverCheck [32m204 [0m0.076 ms - -[0m
[0mGET /app/api/v1/wrEvents/wrEventsList [36m304 [0m0.741 ms - -[0m
[0mGET /app/api/v1/menus/noticeList [36m304 [0m2.048 ms - -[0m
[0mGET /app/api/v1/ads/mainViewAdsList [36m304 [0m1.006 ms - -[0m
[0mPOST /app/api/v1/serverCheck [32m200 [0m1.719 ms - 17[0m
[0mOPTIONS /app/api/v1/push/deviceToken [32m204 [0m0.068 ms - -[0m
[0mPOST /app/api/v1/push/deviceToken [32m200 [0m1.183 ms - 44[0m
[0mOPTIONS /app/api/v1/serverCheck [32m204 [0m0.089 ms - -[0m
[0mGET /app/api/v1/menus/noticeList [36m304 [0m1.048 ms - -[0m
[0mGET /app/api/v1/ads/mainViewAdsList [36m304 [0m6.313 ms - -[0m
[0mGET /app/api/v1/wrEvents/wrEventsList [36m304 [0m1.699 ms - -[0m
[0mPOST /app/api/v1/serverCheck [32m200 [0m1.430 ms - 17[0m
[0mOPTIONS /app/api/v1/push/deviceToken [32m204 [0m0.084 ms - -[0m
[0mPOST /app/api/v1/push/deviceToken [32m200 [0m1.051 ms - 44[0m
[0mGET /wr/api/v1/wrEvents/eventStatusCount [32m200 [0m4.564 ms - 111[0m
[0mPOST /wr/api/v1/wrEvents/registNewEvent [32m200 [0m63.079 ms - 23[0m
[0mGET /dashboard/wrEvents [32m200 [0m3.155 ms - 15989[0m
[0mGET /wr/api/v1/wrEvents/eventStatusCount [32m200 [0m2.808 ms - 111[0m
[0mGET /wr/api/v1/wrEvents/allPendingEventsList [32m200 [0m2.118 ms - 585[0m
[0mPOST /wr/api/v1/wrEvents/activateEvent [32m200 [0m2.419 ms - 22[0m
[0mGET /dashboard/wrEvents [36m304 [0m2.157 ms - -[0m
[0mGET /wr/api/v1/wrEvents/eventStatusCount [32m200 [0m2.589 ms - 111[0m
[0mGET /wr/api/v1/notis/notisStatusCount [32m200 [0m3.915 ms - 96[0m
[0mPOST /wr/api/v1/notis/registNewNoti [32m200 [0m11.594 ms - 22[0m
[0mGET /dashboard/notice [32m200 [0m4.482 ms - 15989[0m
[0mGET /wr/api/v1/notis/notisStatusCount [32m200 [0m18.297 ms - 96[0m
[0mGET /wr/api/v1/notis/allPendingNotisList [32m200 [0m2.306 ms - 386[0m
[0mPOST /wr/api/v1/notis/activateNoti [32m200 [0m1.897 ms - 21[0m
[0mGET /dashboard/notice [36m304 [0m2.667 ms - -[0m
[0mGET /wr/api/v1/notis/notisStatusCount [32m200 [0m3.330 ms - 96[0m
[0mOPTIONS /app/api/v1/serverCheck [32m204 [0m0.080 ms - -[0m
[0mGET /app/api/v1/menus/noticeList [32m200 [0m1.159 ms - 383[0m
[0mGET /app/api/v1/wrEvents/wrEventsList [32m200 [0m4.169 ms - 598[0m
[0mGET /app/api/v1/ads/mainViewAdsList [36m304 [0m2.035 ms - -[0m
[0mPOST /app/api/v1/serverCheck [32m200 [0m1.679 ms - 17[0m
[0mPOST /app/api/v1/serverCheck [32m200 [0m1.712 ms - 17[0m
[0mGET /app/api/v1/menus/noticeList [36m304 [0m1.189 ms - -[0m
[0mGET /app/api/v1/ads/mainViewAdsList [36m304 [0m1.979 ms - -[0m
[0mGET /app/api/v1/wrEvents/wrEventsList [36m304 [0m1.394 ms - -[0m
[0mPOST /app/api/v1/serverCheck [32m200 [0m1.770 ms - 17[0m
[0mGET /app/api/v1/menus/noticeList [36m304 [0m1.882 ms - -[0m
[0mGET /app/api/v1/wrEvents/wrEventsList [36m304 [0m1.157 ms - -[0m
[0mGET /app/api/v1/ads/mainViewAdsList [36m304 [0m0.985 ms - -[0m
[0mOPTIONS /app/api/v1/serverCheck [32m204 [0m0.071 ms - -[0m
[0mGET /app/api/v1/menus/noticeList [36m304 [0m1.217 ms - -[0m
[0mGET /app/api/v1/ads/mainViewAdsList [36m304 [0m0.933 ms - -[0m
[0mGET /app/api/v1/wrEvents/wrEventsList [36m304 [0m0.767 ms - -[0m
[0mPOST /app/api/v1/serverCheck [32m200 [0m1.746 ms - 17[0m
[0mOPTIONS /app/api/v1/serverCheck [32m204 [0m0.065 ms - -[0m
[0mGET /app/api/v1/menus/noticeList [36m304 [0m1.167 ms - -[0m
[0mGET /app/api/v1/wrEvents/wrEventsList [36m304 [0m0.830 ms - -[0m
[0mGET /app/api/v1/ads/mainViewAdsList [36m304 [0m1.032 ms - -[0m
[0mPOST /app/api/v1/serverCheck [32m200 [0m1.559 ms - 17[0m
[0mGET /dashboard/notice [36m304 [0m1.867 ms - -[0m
[0mGET /wr/api/v1/notis/notisStatusCount [36m304 [0m2.789 ms - -[0m
[0mGET /wr/api/v1/notis/allActiveNotisList [32m200 [0m1.774 ms - 383[0m
[0mPOST /wr/api/v1/notis/deActivateNoti [32m200 [0m1.977 ms - 23[0m
[0mGET /dashboard/notice [36m304 [0m1.894 ms - -[0m
[0mGET /wr/api/v1/notis/notisStatusCount [32m200 [0m3.095 ms - 96[0m
[0mGET /wr/api/v1/wrEvents/eventStatusCount [36m304 [0m3.522 ms - -[0m
[0mGET /wr/api/v1/wrEvents/allActiveEventsList [32m200 [0m1.922 ms - 579[0m
[0mPOST /wr/api/v1/wrEvents/deActivateEvent [32m200 [0m1.938 ms - 24[0m
[0mGET /dashboard/wrEvents [36m304 [0m2.789 ms - -[0m
[0mGET /wr/api/v1/wrEvents/eventStatusCount [32m200 [0m2.571 ms - 111[0m
[0mOPTIONS /app/api/v1/serverCheck [32m204 [0m0.095 ms - -[0m
[0mGET /app/api/v1/menus/noticeList [32m200 [0m1.107 ms - 37[0m
[0mGET /app/api/v1/ads/mainViewAdsList [36m304 [0m1.490 ms - -[0m
[0mGET /app/api/v1/wrEvents/wrEventsList [32m200 [0m1.557 ms - 31[0m
[0mPOST /app/api/v1/serverCheck [32m200 [0m2.250 ms - 17[0m
[0mOPTIONS /app/api/v1/push/deviceToken [32m204 [0m0.071 ms - -[0m
[0mPOST /app/api/v1/push/deviceToken [32m200 [0m1.103 ms - 44[0m
[0mGET /wr/api/v1/notis/notisStatusCount [36m304 [0m2.178 ms - -[0m
[0mGET /wr/api/v1/notis/allPendingNotisList [36m304 [0m2.216 ms - -[0m
[0mPOST /wr/api/v1/notis/activateNoti [32m200 [0m1.739 ms - 21[0m
[0mGET /dashboard/notice [36m304 [0m2.584 ms - -[0m
[0mGET /wr/api/v1/notis/notisStatusCount [32m200 [0m3.098 ms - 96[0m
[0mOPTIONS /app/api/v1/serverCheck [32m204 [0m0.066 ms - -[0m
[0mGET /app/api/v1/menus/noticeList [32m200 [0m1.300 ms - 383[0m
[0mGET /app/api/v1/wrEvents/wrEventsList [36m304 [0m2.219 ms - -[0m
[0mGET /app/api/v1/ads/mainViewAdsList [36m304 [0m1.946 ms - -[0m
[0mPOST /app/api/v1/serverCheck [32m200 [0m1.889 ms - 17[0m
[0mOPTIONS /app/api/v1/push/deviceToken [32m204 [0m0.069 ms - -[0m
[0mPOST /app/api/v1/push/deviceToken [32m200 [0m1.043 ms - 44[0m
[0mOPTIONS /app/api/v1/serverCheck [32m204 [0m0.075 ms - -[0m
[0mGET /app/api/v1/menus/noticeList [36m304 [0m1.178 ms - -[0m
[0mGET /app/api/v1/wrEvents/wrEventsList [36m304 [0m4.452 ms - -[0m
[0mGET /app/api/v1/ads/mainViewAdsList [36m304 [0m1.009 ms - -[0m
[0mPOST /app/api/v1/serverCheck [32m200 [0m1.519 ms - 17[0m
[0mOPTIONS /app/api/v1/push/deviceToken [32m204 [0m0.065 ms - -[0m
[0mPOST /app/api/v1/push/deviceToken [32m200 [0m1.128 ms - 44[0m
[0mGET /dashboard/notice [36m304 [0m1.957 ms - -[0m
[0mGET /wr/api/v1/notis/notisStatusCount [36m304 [0m2.324 ms - -[0m
[0mGET /wr/api/v1/ads/adStatusCount [32m200 [0m3.966 ms - 105[0m
[0mGET /wr/api/v1/wrEvents/eventStatusCount [36m304 [0m2.498 ms - -[0m
[0mGET /wr/api/v1/wrEvents/allPendingEventsList [36m304 [0m3.678 ms - -[0m
[0mPOST /wr/api/v1/wrEvents/activateEvent [32m200 [0m1.733 ms - 22[0m
[0mGET /dashboard/wrEvents [36m304 [0m1.792 ms - -[0m
[0mGET /wr/api/v1/wrEvents/eventStatusCount [32m200 [0m2.507 ms - 111[0m
[0mOPTIONS /app/api/v1/serverCheck [32m204 [0m0.066 ms - -[0m
[0mGET /app/api/v1/menus/noticeList [36m304 [0m1.175 ms - -[0m
[0mGET /app/api/v1/ads/mainViewAdsList [36m304 [0m1.662 ms - -[0m
[0mGET /app/api/v1/wrEvents/wrEventsList [32m200 [0m1.203 ms - 598[0m
[0mPOST /app/api/v1/serverCheck [32m200 [0m1.610 ms - 17[0m
[0mGET /wr/api/v1/wrEvents/allActiveEventsList [36m304 [0m1.734 ms - -[0m
[0mPOST /wr/api/v1/wrEvents/deActivateEvent [32m200 [0m1.676 ms - 24[0m
[0mGET /dashboard/wrEvents [36m304 [0m1.840 ms - -[0m
[0mGET /wr/api/v1/wrEvents/eventStatusCount [32m200 [0m3.723 ms - 111[0m
[0mOPTIONS /app/api/v1/serverCheck [32m204 [0m0.064 ms - -[0m
[0mGET /app/api/v1/menus/noticeList [36m304 [0m1.143 ms - -[0m
[0mGET /app/api/v1/wrEvents/wrEventsList [32m200 [0m0.779 ms - 31[0m
[0mGET /app/api/v1/ads/mainViewAdsList [36m304 [0m1.100 ms - -[0m
[0mPOST /app/api/v1/serverCheck [32m200 [0m1.673 ms - 17[0m
[0mOPTIONS /app/api/v1/push/deviceToken [32m204 [0m0.063 ms - -[0m
[0mPOST /app/api/v1/push/deviceToken [32m200 [0m1.032 ms - 44[0m
[0mOPTIONS /app/api/v1/menus/noticeList/visits [32m204 [0m0.067 ms - -[0m
[0mPOST /app/api/v1/menus/noticeList/visits [32m200 [0m1.805 ms - 14[0m
[0mOPTIONS /app/api/v1/serverCheck [32m204 [0m0.062 ms - -[0m
[0mGET /app/api/v1/menus/noticeList [32m200 [0m1.149 ms - 383[0m
[0mGET /app/api/v1/ads/mainViewAdsList [36m304 [0m2.377 ms - -[0m
[0mGET /app/api/v1/wrEvents/wrEventsList [36m304 [0m2.428 ms - -[0m
[0mPOST /app/api/v1/serverCheck [32m200 [0m3.084 ms - 17[0m
[0mOPTIONS /app/api/v1/push/deviceToken [32m204 [0m0.071 ms - -[0m
[0mPOST /app/api/v1/push/deviceToken [32m200 [0m1.052 ms - 44[0m
[0mGET /wr/api/v1/wrEvents/allPendingEventsList [36m304 [0m7.169 ms - -[0m
[0mPOST /wr/api/v1/wrEvents/activateEvent [32m200 [0m1.678 ms - 22[0m
[0mGET /dashboard/wrEvents [36m304 [0m1.808 ms - -[0m
[0mGET /wr/api/v1/wrEvents/eventStatusCount [32m200 [0m2.483 ms - 111[0m
[0mOPTIONS /app/api/v1/serverCheck [32m204 [0m0.068 ms - -[0m
[0mGET /app/api/v1/ads/mainViewAdsList [36m304 [0m1.739 ms - -[0m
[0mGET /app/api/v1/wrEvents/wrEventsList [32m200 [0m3.152 ms - 598[0m
[0mGET /app/api/v1/menus/noticeList [36m304 [0m2.445 ms - -[0m
[0mPOST /app/api/v1/serverCheck [32m200 [0m1.747 ms - 17[0m
[0mOPTIONS /app/api/v1/serverCheck [32m204 [0m0.081 ms - -[0m
[0mGET /app/api/v1/menus/noticeList [36m304 [0m1.188 ms - -[0m
[0mGET /app/api/v1/wrEvents/wrEventsList [36m304 [0m0.928 ms - -[0m
[0mGET /app/api/v1/ads/mainViewAdsList [36m304 [0m1.689 ms - -[0m
[0mPOST /app/api/v1/serverCheck [32m200 [0m1.899 ms - 17[0m
[0mOPTIONS /app/api/v1/serverCheck [32m204 [0m0.081 ms - -[0m
[0mGET /app/api/v1/menus/noticeList [36m304 [0m1.160 ms - -[0m
[0mGET /app/api/v1/wrEvents/wrEventsList [36m304 [0m0.797 ms - -[0m
[0mGET /app/api/v1/ads/mainViewAdsList [36m304 [0m0.944 ms - -[0m
[0mPOST /app/api/v1/serverCheck [32m200 [0m1.885 ms - 17[0m
[0mOPTIONS /app/api/v1/push/deviceToken [32m204 [0m0.065 ms - -[0m
[0mPOST /app/api/v1/push/deviceToken [32m200 [0m1.579 ms - 44[0m
[0mOPTIONS /app/api/v1/serverCheck [32m204 [0m0.073 ms - -[0m
[0mGET /app/api/v1/menus/noticeList [36m304 [0m1.133 ms - -[0m
[0mGET /app/api/v1/wrEvents/wrEventsList [36m304 [0m0.744 ms - -[0m
[0mGET /app/api/v1/ads/mainViewAdsList [36m304 [0m1.599 ms - -[0m
[0mPOST /app/api/v1/serverCheck [32m200 [0m1.487 ms - 17[0m
[0mOPTIONS /app/api/v1/push/deviceToken [32m204 [0m0.079 ms - -[0m
[0mPOST /app/api/v1/push/deviceToken [32m200 [0m1.102 ms - 44[0m
[0mOPTIONS /app/api/v1/serverCheck [32m204 [0m0.073 ms - -[0m
[0mGET /app/api/v1/menus/noticeList [36m304 [0m1.126 ms - -[0m
[0mGET /app/api/v1/wrEvents/wrEventsList [36m304 [0m0.757 ms - -[0m
[0mGET /app/api/v1/ads/mainViewAdsList [36m304 [0m0.931 ms - -[0m
[0mPOST /app/api/v1/serverCheck [32m200 [0m1.721 ms - 17[0m
[0mGET /dashboard/wrEvents [36m304 [0m2.641 ms - -[0m
[0mGET /wr/api/v1/wrEvents/eventStatusCount [36m304 [0m2.514 ms - -[0m
[0mGET /wr/api/v1/wrEvents/allActiveEventsList [36m304 [0m1.509 ms - -[0m
[0mGET /app/api/v1/menus/noticeList [36m304 [0m1.618 ms - -[0m
[0mGET /app/api/v1/wrEvents/wrEventsList [36m304 [0m1.153 ms - -[0m
[0mGET /app/api/v1/ads/allAdsList [36m304 [0m0.637 ms - -[0m
[0mOPTIONS /app/api/v1/serverCheck [32m204 [0m0.077 ms - -[0m
[0mGET /app/api/v1/menus/noticeList [36m304 [0m1.170 ms - -[0m
[0mGET /app/api/v1/wrEvents/wrEventsList [36m304 [0m0.833 ms - -[0m
[0mGET /app/api/v1/ads/mainViewAdsList [36m304 [0m1.053 ms - -[0m
[0mPOST /app/api/v1/serverCheck [32m200 [0m1.632 ms - 17[0m
[0mOPTIONS /app/api/v1/push/deviceToken [32m204 [0m0.067 ms - -[0m
[0mPOST /app/api/v1/push/deviceToken [32m200 [0m1.106 ms - 44[0m
[0mGET /dashboard/wrEvents [36m304 [0m2.459 ms - -[0m
[0mGET /wr/api/v1/wrEvents/eventStatusCount [36m304 [0m2.491 ms - -[0m
[0mGET / [36m304 [0m1.778 ms - -[0m
[0mGET /wr/api/v1/admin/isLoggedIn [32m200 [0m1.185 ms - 45[0m
[0mGET /wr/api/v1/overView/overViewVisits [32m200 [0m3.173 ms - 4921[0m
[0mGET /wr/api/v1/overView/overViewStatusCount [32m200 [0m2.942 ms - 157[0m
[0mGET /wr/api/v1/overView/overViewVisits [36m304 [0m2.219 ms - -[0m
[0mGET /wr/api/v1/overView/overViewStatusCount [36m304 [0m3.124 ms - -[0m
[0mGET /wr/api/v1/overView/overViewStatusCount [36m304 [0m3.049 ms - -[0m
[0mGET /wr/api/v1/overView/overViewVisits [36m304 [0m1.943 ms - -[0m
[0mOPTIONS /app/api/v1/serverCheck [32m204 [0m2.163 ms - -[0m
[0mGET /app/api/v1/ads/mainViewAdsList [36m304 [0m47.038 ms - -[0m
[0mGET /app/api/v1/wrEvents/wrEventsList [32m200 [0m54.443 ms - 598[0m
[0mGET /app/api/v1/menus/noticeList [36m304 [0m52.134 ms - -[0m
[0mPOST /app/api/v1/serverCheck [32m200 [0m31.486 ms - 17[0m
[0mOPTIONS /app/api/v1/push/deviceToken [32m204 [0m0.431 ms - -[0m
[0mPOST /app/api/v1/push/deviceToken [32m200 [0m7.137 ms - 44[0m
[0mOPTIONS /app/api/v1/wrEvents/visits [32m204 [0m0.075 ms - -[0m
[0mPOST /app/api/v1/wrEvents/visits [32m200 [0m3.223 ms - 14[0m
[0mGET /wr/api/v1/notis/notisStatusCount [36m304 [0m8.117 ms - -[0m
[0mGET /wr/api/v1/inquiryReport/inquiryReportStatusCount [32m200 [0m3.941 ms - 130[0m
[0mGET /wr/api/v1/wrEvents/eventStatusCount [36m304 [0m11.937 ms - -[0m
[0mGET /wr/api/v1/ads/adStatusCount [36m304 [0m8.145 ms - -[0m
[0mGET /wr/api/v1/ads/allActiveAdsList [32m200 [0m3.513 ms - 35[0m
[0mPOST /wr/api/v1/ads/registNewAd [32m200 [0m45.558 ms - 22[0m
[0mGET /dashboard/ads [32m200 [0m9.934 ms - 15989[0m
[0mGET /wr/api/v1/ads/adStatusCount [32m200 [0m3.482 ms - 105[0m
[0mGET /wr/api/v1/ads/allPendingAdsList [32m200 [0m2.905 ms - 634[0m
[0mPOST /wr/api/v1/ads/activateAd [32m200 [0m2.588 ms - 19[0m
[0mGET /dashboard/ads [36m304 [0m2.200 ms - -[0m
[0mGET /wr/api/v1/ads/adStatusCount [32m200 [0m3.104 ms - 105[0m
[0mOPTIONS /app/api/v1/serverCheck [32m204 [0m0.153 ms - -[0m
[0mGET /app/api/v1/menus/noticeList [36m304 [0m3.273 ms - -[0m
[0mGET /app/api/v1/wrEvents/wrEventsList [32m200 [0m3.255 ms - 598[0m
[0mGET /app/api/v1/ads/mainViewAdsList [32m200 [0m3.111 ms - 657[0m
[0mPOST /app/api/v1/serverCheck [32m200 [0m3.049 ms - 17[0m
[0mGET /wr/api/v1/overView/overViewVisits [32m200 [0m3.162 ms - 5253[0m
[0mGET /wr/api/v1/overView/overViewStatusCount [32m200 [0m4.548 ms - 157[0m
[0mGET /wr/api/v1/overView/overViewVisits [36m304 [0m10.885 ms - -[0m
[0mGET /wr/api/v1/overView/overViewStatusCount [36m304 [0m9.083 ms - -[0m
[0mGET /wr/api/v1/overView/overViewVisits [36m304 [0m1.615 ms - -[0m
[0mGET /wr/api/v1/overView/overViewStatusCount [36m304 [0m3.226 ms - -[0m
[0mOPTIONS /app/api/v1/push/deviceToken [32m204 [0m0.084 ms - -[0m
[0mPOST /app/api/v1/push/deviceToken [32m200 [0m1.653 ms - 44[0m
[0mPOST /app/api/v1/serverCheck [32m200 [0m2.110 ms - 17[0m
[0mGET /app/api/v1/menus/noticeList [36m304 [0m4.187 ms - -[0m
[0mGET /app/api/v1/wrEvents/wrEventsList [36m304 [0m1.649 ms - -[0m
[0mGET /app/api/v1/ads/mainViewAdsList [36m304 [0m1.907 ms - -[0m
[0mPOST /app/api/v1/push/deviceToken [32m200 [0m1.936 ms - 44[0m
[0mPOST /app/api/v1/wrEvents/visits [32m200 [0m2.903 ms - 14[0m
[0mGET /app/api/v1/ads/listViewAdsList [32m200 [0m3.158 ms - 657[0m
[0mGET /app/api/v1/wrEvents/wrEventsList [32m200 [0m3.647 ms - 598[0m
[0mGET /app/api/v1/menus/noticeList [36m304 [0m3.084 ms - -[0m
[0mGET /app/api/v1/ads/mainViewAdsList [36m304 [0m2.733 ms - -[0m
[0mGET /app/api/v1/menus/noticeList [36m304 [0m1.269 ms - -[0m
[0mGET /app/api/v1/ads/allAdsList [32m200 [0m2.041 ms - 657[0m
[0mGET /app/api/v1/wrEvents/wrEventsList [36m304 [0m3.265 ms - -[0m
[0mPOST /app/api/v1/ads/visits [32m200 [0m6.368 ms - 14[0m
[0mPOST /app/api/v1/list/listViewEventsData [32m200 [0m4.111 ms - 38[0m
[0mGET /app/api/v1/ads/listViewAdsList [32m200 [0m2.005 ms - 657[0m
[0mGET /app/api/v1/wrEvents/wrEventsList [36m304 [0m2.378 ms - -[0m
[0mGET /app/api/v1/ads/mainViewAdsList [32m200 [0m1.891 ms - 657[0m
[0mGET /app/api/v1/menus/noticeList [36m304 [0m0.884 ms - -[0m
[0mPOST /app/api/v1/wrEvents/visits [32m200 [0m4.388 ms - 14[0m
